2014/08/09 03:13:25 [error] [exception.CHttpException.404] exception 'CHttpException' with message 'Unable to resolve the request "assets/css/style.css".' in /opt/lampp/htdocs/khohangonline/framework/web/CWebApplication.php:286
Stack trace:
#0 /opt/lampp/htdocs/khohangonline/framework/web/CWebApplication.php(141): CWebApplication->runController('assets/css/styl...')
#1 /opt/lampp/htdocs/khohangonline/framework/base/CApplication.php(180): CWebApplication->processRequest()
#2 /opt/lampp/htdocs/khohangonline/index.php(19): CApplication->run()
#3 {main}
REQUEST_URI=/khohangonline/assets/css/style.css
HTTP_REFERER=http://pmint.com:8080/khohangonline/undefined
---
2014/08/09 03:13:32 [error] [exception.CHttpException.404] exception 'CHttpException' with message 'Unable to resolve the request "undefined".' in /opt/lampp/htdocs/khohangonline/framework/web/CWebApplication.php:286
Stack trace:
#0 /opt/lampp/htdocs/khohangonline/framework/web/CWebApplication.php(141): CWebApplication->runController('undefined')
#1 /opt/lampp/htdocs/khohangonline/framework/base/CApplication.php(180): CWebApplication->processRequest()
#2 /opt/lampp/htdocs/khohangonline/index.php(19): CApplication->run()
#3 {main}
REQUEST_URI=/khohangonline/undefined
HTTP_REFERER=http://pmint.com:8080/khohangonline/category
---
2014/08/09 03:13:32 [error] [exception.CHttpException.404] exception 'CHttpException' with message 'Unable to resolve the request "assets/css/style.css".' in /opt/lampp/htdocs/khohangonline/framework/web/CWebApplication.php:286
Stack trace:
#0 /opt/lampp/htdocs/khohangonline/framework/web/CWebApplication.php(141): CWebApplication->runController('assets/css/styl...')
#1 /opt/lampp/htdocs/khohangonline/framework/base/CApplication.php(180): CWebApplication->processRequest()
#2 /opt/lampp/htdocs/khohangonline/index.php(19): CApplication->run()
#3 {main}
REQUEST_URI=/khohangonline/assets/css/style.css
HTTP_REFERER=http://pmint.com:8080/khohangonline/undefined
---
2014/08/09 03:13:41 [error] [exception.CHttpException.404] exception 'CHttpException' with message 'Unable to resolve the request "undefined".' in /opt/lampp/htdocs/khohangonline/framework/web/CWebApplication.php:286
Stack trace:
#0 /opt/lampp/htdocs/khohangonline/framework/web/CWebApplication.php(141): CWebApplication->runController('undefined')
#1 /opt/lampp/htdocs/khohangonline/framework/base/CApplication.php(180): CWebApplication->processRequest()
#2 /opt/lampp/htdocs/khohangonline/index.php(19): CApplication->run()
#3 {main}
REQUEST_URI=/khohangonline/undefined
HTTP_REFERER=http://pmint.com:8080/khohangonline/category
---
2014/08/09 03:13:41 [error] [exception.CHttpException.404] exception 'CHttpException' with message 'Unable to resolve the request "assets/css/style.css".' in /opt/lampp/htdocs/khohangonline/framework/web/CWebApplication.php:286
Stack trace:
#0 /opt/lampp/htdocs/khohangonline/framework/web/CWebApplication.php(141): CWebApplication->runController('assets/css/styl...')
#1 /opt/lampp/htdocs/khohangonline/framework/base/CApplication.php(180): CWebApplication->processRequest()
#2 /opt/lampp/htdocs/khohangonline/index.php(19): CApplication->run()
#3 {main}
REQUEST_URI=/khohangonline/assets/css/style.css
HTTP_REFERER=http://pmint.com:8080/khohangonline/undefined
---
2014/08/09 03:14:20 [error] [exception.CHttpException.404] exception 'CHttpException' with message 'Unable to resolve the request "undefined".' in /opt/lampp/htdocs/khohangonline/framework/web/CWebApplication.php:286
Stack trace:
#0 /opt/lampp/htdocs/khohangonline/framework/web/CWebApplication.php(141): CWebApplication->runController('undefined')
#1 /opt/lampp/htdocs/khohangonline/framework/base/CApplication.php(180): CWebApplication->processRequest()
#2 /opt/lampp/htdocs/khohangonline/index.php(19): CApplication->run()
#3 {main}
REQUEST_URI=/khohangonline/undefined
HTTP_REFERER=http://pmint.com:8080/khohangonline/category
---
2014/08/09 03:14:20 [error] [exception.CHttpException.404] exception 'CHttpException' with message 'Unable to resolve the request "assets/css/style.css".' in /opt/lampp/htdocs/khohangonline/framework/web/CWebApplication.php:286
Stack trace:
#0 /opt/lampp/htdocs/khohangonline/framework/web/CWebApplication.php(141): CWebApplication->runController('assets/css/styl...')
#1 /opt/lampp/htdocs/khohangonline/framework/base/CApplication.php(180): CWebApplication->processRequest()
#2 /opt/lampp/htdocs/khohangonline/index.php(19): CApplication->run()
#3 {main}
REQUEST_URI=/khohangonline/assets/css/style.css
HTTP_REFERER=http://pmint.com:8080/khohangonline/undefined
---
2014/08/09 03:14:26 [error] [exception.CHttpException.404] exception 'CHttpException' with message 'Unable to resolve the request "assets/excel-builder/underscore-min.map".' in /opt/lampp/htdocs/khohangonline/framework/web/CWebApplication.php:286
Stack trace:
#0 /opt/lampp/htdocs/khohangonline/framework/web/CWebApplication.php(141): CWebApplication->runController('assets/excel-bu...')
#1 /opt/lampp/htdocs/khohangonline/framework/base/CApplication.php(180): CWebApplication->processRequest()
#2 /opt/lampp/htdocs/khohangonline/index.php(19): CApplication->run()
#3 {main}
REQUEST_URI=/khohangonline/assets/excel-builder/underscore-min.map
HTTP_REFERER=http://pmint.com:8080/khohangonline/category
---
2014/08/09 03:15:36 [error] [exception.CHttpException.404] exception 'CHttpException' with message 'Unable to resolve the request "assets/css/style.css".' in /opt/lampp/htdocs/khohangonline/framework/web/CWebApplication.php:286
Stack trace:
#0 /opt/lampp/htdocs/khohangonline/framework/web/CWebApplication.php(141): CWebApplication->runController('assets/css/styl...')
#1 /opt/lampp/htdocs/khohangonline/framework/base/CApplication.php(180): CWebApplication->processRequest()
#2 /opt/lampp/htdocs/khohangonline/index.php(19): CApplication->run()
#3 {main}
REQUEST_URI=/khohangonline/assets/css/style.css
HTTP_REFERER=http://pmint.com:8080/khohangonline/category
---
2014/08/09 03:15:39 [error] [exception.CHttpException.404] exception 'CHttpException' with message 'Unable to resolve the request "assets/excel-builder/underscore-min.map".' in /opt/lampp/htdocs/khohangonline/framework/web/CWebApplication.php:286
Stack trace:
#0 /opt/lampp/htdocs/khohangonline/framework/web/CWebApplication.php(141): CWebApplication->runController('assets/excel-bu...')
#1 /opt/lampp/htdocs/khohangonline/framework/base/CApplication.php(180): CWebApplication->processRequest()
#2 /opt/lampp/htdocs/khohangonline/index.php(19): CApplication->run()
#3 {main}
REQUEST_URI=/khohangonline/assets/excel-builder/underscore-min.map
HTTP_REFERER=http://pmint.com:8080/khohangonline/category
---
2014/08/09 03:18:09 [error] [exception.CHttpException.404] exception 'CHttpException' with message 'Unable to resolve the request "assets/css/style.css".' in /opt/lampp/htdocs/khohangonline/framework/web/CWebApplication.php:286
Stack trace:
#0 /opt/lampp/htdocs/khohangonline/framework/web/CWebApplication.php(141): CWebApplication->runController('assets/css/styl...')
#1 /opt/lampp/htdocs/khohangonline/framework/base/CApplication.php(180): CWebApplication->processRequest()
#2 /opt/lampp/htdocs/khohangonline/index.php(19): CApplication->run()
#3 {main}
REQUEST_URI=/khohangonline/assets/css/style.css
HTTP_REFERER=http://pmint.com:8080/khohangonline/category
---
2014/08/09 03:18:53 [error] [exception.CHttpException.404] exception 'CHttpException' with message 'Unable to resolve the request "assets/css/style.css".' in /opt/lampp/htdocs/khohangonline/framework/web/CWebApplication.php:286
Stack trace:
#0 /opt/lampp/htdocs/khohangonline/framework/web/CWebApplication.php(141): CWebApplication->runController('assets/css/styl...')
#1 /opt/lampp/htdocs/khohangonline/framework/base/CApplication.php(180): CWebApplication->processRequest()
#2 /opt/lampp/htdocs/khohangonline/index.php(19): CApplication->run()
#3 {main}
REQUEST_URI=/khohangonline/assets/css/style.css
HTTP_REFERER=http://pmint.com:8080/khohangonline/category
---
2014/08/09 03:18:55 [error] [exception.CHttpException.404] exception 'CHttpException' with message 'Unable to resolve the request "assets/excel-builder/underscore-min.map".' in /opt/lampp/htdocs/khohangonline/framework/web/CWebApplication.php:286
Stack trace:
#0 /opt/lampp/htdocs/khohangonline/framework/web/CWebApplication.php(141): CWebApplication->runController('assets/excel-bu...')
#1 /opt/lampp/htdocs/khohangonline/framework/base/CApplication.php(180): CWebApplication->processRequest()
#2 /opt/lampp/htdocs/khohangonline/index.php(19): CApplication->run()
#3 {main}
REQUEST_URI=/khohangonline/assets/excel-builder/underscore-min.map
HTTP_REFERER=http://pmint.com:8080/khohangonline/category
---
2014/08/09 03:19:23 [error] [exception.CHttpException.404] exception 'CHttpException' with message 'Unable to resolve the request "assets/css/style.css".' in /opt/lampp/htdocs/khohangonline/framework/web/CWebApplication.php:286
Stack trace:
#0 /opt/lampp/htdocs/khohangonline/framework/web/CWebApplication.php(141): CWebApplication->runController('assets/css/styl...')
#1 /opt/lampp/htdocs/khohangonline/framework/base/CApplication.php(180): CWebApplication->processRequest()
#2 /opt/lampp/htdocs/khohangonline/index.php(19): CApplication->run()
#3 {main}
REQUEST_URI=/khohangonline/assets/css/style.css
HTTP_REFERER=http://pmint.com:8080/khohangonline/category
---
2014/08/09 03:19:24 [error] [exception.CHttpException.404] exception 'CHttpException' with message 'Unable to resolve the request "assets/excel-builder/underscore-min.map".' in /opt/lampp/htdocs/khohangonline/framework/web/CWebApplication.php:286
Stack trace:
#0 /opt/lampp/htdocs/khohangonline/framework/web/CWebApplication.php(141): CWebApplication->runController('assets/excel-bu...')
#1 /opt/lampp/htdocs/khohangonline/framework/base/CApplication.php(180): CWebApplication->processRequest()
#2 /opt/lampp/htdocs/khohangonline/index.php(19): CApplication->run()
#3 {main}
REQUEST_URI=/khohangonline/assets/excel-builder/underscore-min.map
HTTP_REFERER=http://pmint.com:8080/khohangonline/category
---
2014/08/09 03:19:55 [error] [exception.CHttpException.404] exception 'CHttpException' with message 'Unable to resolve the request "assets/css/style.css".' in /opt/lampp/htdocs/khohangonline/framework/web/CWebApplication.php:286
Stack trace:
#0 /opt/lampp/htdocs/khohangonline/framework/web/CWebApplication.php(141): CWebApplication->runController('assets/css/styl...')
#1 /opt/lampp/htdocs/khohangonline/framework/base/CApplication.php(180): CWebApplication->processRequest()
#2 /opt/lampp/htdocs/khohangonline/index.php(19): CApplication->run()
#3 {main}
REQUEST_URI=/khohangonline/assets/css/style.css
HTTP_REFERER=http://pmint.com:8080/khohangonline/category
---
2014/08/09 03:19:58 [error] [exception.CHttpException.404] exception 'CHttpException' with message 'Unable to resolve the request "assets/excel-builder/underscore-min.map".' in /opt/lampp/htdocs/khohangonline/framework/web/CWebApplication.php:286
Stack trace:
#0 /opt/lampp/htdocs/khohangonline/framework/web/CWebApplication.php(141): CWebApplication->runController('assets/excel-bu...')
#1 /opt/lampp/htdocs/khohangonline/framework/base/CApplication.php(180): CWebApplication->processRequest()
#2 /opt/lampp/htdocs/khohangonline/index.php(19): CApplication->run()
#3 {main}
REQUEST_URI=/khohangonline/assets/excel-builder/underscore-min.map
HTTP_REFERER=http://pmint.com:8080/khohangonline/category
---
2014/08/09 03:21:21 [error] [exception.CHttpException.404] exception 'CHttpException' with message 'Unable to resolve the request "assets/css/style.css".' in /opt/lampp/htdocs/khohangonline/framework/web/CWebApplication.php:286
Stack trace:
#0 /opt/lampp/htdocs/khohangonline/framework/web/CWebApplication.php(141): CWebApplication->runController('assets/css/styl...')
#1 /opt/lampp/htdocs/khohangonline/framework/base/CApplication.php(180): CWebApplication->processRequest()
#2 /opt/lampp/htdocs/khohangonline/index.php(19): CApplication->run()
#3 {main}
REQUEST_URI=/khohangonline/assets/css/style.css
HTTP_REFERER=http://pmint.com:8080/khohangonline/category
---
2014/08/09 03:21:23 [error] [exception.CHttpException.404] exception 'CHttpException' with message 'Unable to resolve the request "assets/excel-builder/underscore-min.map".' in /opt/lampp/htdocs/khohangonline/framework/web/CWebApplication.php:286
Stack trace:
#0 /opt/lampp/htdocs/khohangonline/framework/web/CWebApplication.php(141): CWebApplication->runController('assets/excel-bu...')
#1 /opt/lampp/htdocs/khohangonline/framework/base/CApplication.php(180): CWebApplication->processRequest()
#2 /opt/lampp/htdocs/khohangonline/index.php(19): CApplication->run()
#3 {main}
REQUEST_URI=/khohangonline/assets/excel-builder/underscore-min.map
HTTP_REFERER=http://pmint.com:8080/khohangonline/category
---
2014/08/09 03:26:06 [error] [exception.CHttpException.404] exception 'CHttpException' with message 'Unable to resolve the request "assets/css/style.css".' in /opt/lampp/htdocs/khohangonline/framework/web/CWebApplication.php:286
Stack trace:
#0 /opt/lampp/htdocs/khohangonline/framework/web/CWebApplication.php(141): CWebApplication->runController('assets/css/styl...')
#1 /opt/lampp/htdocs/khohangonline/framework/base/CApplication.php(180): CWebApplication->processRequest()
#2 /opt/lampp/htdocs/khohangonline/index.php(19): CApplication->run()
#3 {main}
REQUEST_URI=/khohangonline/assets/css/style.css
HTTP_REFERER=http://pmint.com:8080/khohangonline/category
---
2014/08/09 03:26:13 [error] [exception.CHttpException.404] exception 'CHttpException' with message 'Unable to resolve the request "assets/excel-builder/underscore-min.map".' in /opt/lampp/htdocs/khohangonline/framework/web/CWebApplication.php:286
Stack trace:
#0 /opt/lampp/htdocs/khohangonline/framework/web/CWebApplication.php(141): CWebApplication->runController('assets/excel-bu...')
#1 /opt/lampp/htdocs/khohangonline/framework/base/CApplication.php(180): CWebApplication->processRequest()
#2 /opt/lampp/htdocs/khohangonline/index.php(19): CApplication->run()
#3 {main}
REQUEST_URI=/khohangonline/assets/excel-builder/underscore-min.map
HTTP_REFERER=http://pmint.com:8080/khohangonline/category
---
2014/08/09 03:28:03 [error] [exception.CHttpException.404] exception 'CHttpException' with message 'Unable to resolve the request "assets/css/style.css".' in /opt/lampp/htdocs/khohangonline/framework/web/CWebApplication.php:286
Stack trace:
#0 /opt/lampp/htdocs/khohangonline/framework/web/CWebApplication.php(141): CWebApplication->runController('assets/css/styl...')
#1 /opt/lampp/htdocs/khohangonline/framework/base/CApplication.php(180): CWebApplication->processRequest()
#2 /opt/lampp/htdocs/khohangonline/index.php(19): CApplication->run()
#3 {main}
REQUEST_URI=/khohangonline/assets/css/style.css
HTTP_REFERER=http://pmint.com:8080/khohangonline/category
---
2014/08/09 03:33:03 [error] [exception.CHttpException.404] exception 'CHttpException' with message 'Unable to resolve the request "assets/css/style.css".' in /opt/lampp/htdocs/khohangonline/framework/web/CWebApplication.php:286
Stack trace:
#0 /opt/lampp/htdocs/khohangonline/framework/web/CWebApplication.php(141): CWebApplication->runController('assets/css/styl...')
#1 /opt/lampp/htdocs/khohangonline/framework/base/CApplication.php(180): CWebApplication->processRequest()
#2 /opt/lampp/htdocs/khohangonline/index.php(19): CApplication->run()
#3 {main}
REQUEST_URI=/khohangonline/assets/css/style.css
HTTP_REFERER=http://pmint.com:8080/khohangonline/category
---
2014/08/09 03:33:16 [error] [exception.CHttpException.404] exception 'CHttpException' with message 'Unable to resolve the request "assets/excel-builder/underscore-min.map".' in /opt/lampp/htdocs/khohangonline/framework/web/CWebApplication.php:286
Stack trace:
#0 /opt/lampp/htdocs/khohangonline/framework/web/CWebApplication.php(141): CWebApplication->runController('assets/excel-bu...')
#1 /opt/lampp/htdocs/khohangonline/framework/base/CApplication.php(180): CWebApplication->processRequest()
#2 /opt/lampp/htdocs/khohangonline/index.php(19): CApplication->run()
#3 {main}
REQUEST_URI=/khohangonline/assets/excel-builder/underscore-min.map
HTTP_REFERER=http://pmint.com:8080/khohangonline/category
---
2014/08/09 03:34:49 [error] [exception.CHttpException.404] exception 'CHttpException' with message 'Unable to resolve the request "assets/css/style.css".' in /opt/lampp/htdocs/khohangonline/framework/web/CWebApplication.php:286
Stack trace:
#0 /opt/lampp/htdocs/khohangonline/framework/web/CWebApplication.php(141): CWebApplication->runController('assets/css/styl...')
#1 /opt/lampp/htdocs/khohangonline/framework/base/CApplication.php(180): CWebApplication->processRequest()
#2 /opt/lampp/htdocs/khohangonline/index.php(19): CApplication->run()
#3 {main}
REQUEST_URI=/khohangonline/assets/css/style.css
HTTP_REFERER=http://pmint.com:8080/khohangonline/category
---
2014/08/09 03:37:04 [error] [exception.CHttpException.404] exception 'CHttpException' with message 'Unable to resolve the request "assets/css/style.css".' in /opt/lampp/htdocs/khohangonline/framework/web/CWebApplication.php:286
Stack trace:
#0 /opt/lampp/htdocs/khohangonline/framework/web/CWebApplication.php(141): CWebApplication->runController('assets/css/styl...')
#1 /opt/lampp/htdocs/khohangonline/framework/base/CApplication.php(180): CWebApplication->processRequest()
#2 /opt/lampp/htdocs/khohangonline/index.php(19): CApplication->run()
#3 {main}
REQUEST_URI=/khohangonline/assets/css/style.css
HTTP_REFERER=http://pmint.com:8080/khohangonline/category
---
2014/08/09 03:40:15 [error] [exception.CHttpException.404] exception 'CHttpException' with message 'Unable to resolve the request "assets/css/style.css".' in /opt/lampp/htdocs/khohangonline/framework/web/CWebApplication.php:286
Stack trace:
#0 /opt/lampp/htdocs/khohangonline/framework/web/CWebApplication.php(141): CWebApplication->runController('assets/css/styl...')
#1 /opt/lampp/htdocs/khohangonline/framework/base/CApplication.php(180): CWebApplication->processRequest()
#2 /opt/lampp/htdocs/khohangonline/index.php(19): CApplication->run()
#3 {main}
REQUEST_URI=/khohangonline/assets/css/style.css
HTTP_REFERER=http://pmint.com:8080/khohangonline/category
---
2014/08/09 03:40:16 [error] [exception.CHttpException.404] exception 'CHttpException' with message 'Unable to resolve the request "assets/images/favicon.ico".' in /opt/lampp/htdocs/khohangonline/framework/web/CWebApplication.php:286
Stack trace:
#0 /opt/lampp/htdocs/khohangonline/framework/web/CWebApplication.php(141): CWebApplication->runController('assets/images/f...')
#1 /opt/lampp/htdocs/khohangonline/framework/base/CApplication.php(180): CWebApplication->processRequest()
#2 /opt/lampp/htdocs/khohangonline/index.php(19): CApplication->run()
#3 {main}
REQUEST_URI=/khohangonline/assets/images/favicon.ico
---
2014/08/09 03:40:40 [error] [exception.CHttpException.404] exception 'CHttpException' with message 'Unable to resolve the request "assets/excel-builder/underscore-min.map".' in /opt/lampp/htdocs/khohangonline/framework/web/CWebApplication.php:286
Stack trace:
#0 /opt/lampp/htdocs/khohangonline/framework/web/CWebApplication.php(141): CWebApplication->runController('assets/excel-bu...')
#1 /opt/lampp/htdocs/khohangonline/framework/base/CApplication.php(180): CWebApplication->processRequest()
#2 /opt/lampp/htdocs/khohangonline/index.php(19): CApplication->run()
#3 {main}
REQUEST_URI=/khohangonline/assets/excel-builder/underscore-min.map
HTTP_REFERER=http://pmint.com:8080/khohangonline/category
---
2014/08/09 03:42:49 [error] [exception.CHttpException.404] exception 'CHttpException' with message 'Unable to resolve the request "assets/css/style.css".' in /opt/lampp/htdocs/khohangonline/framework/web/CWebApplication.php:286
Stack trace:
#0 /opt/lampp/htdocs/khohangonline/framework/web/CWebApplication.php(141): CWebApplication->runController('assets/css/styl...')
#1 /opt/lampp/htdocs/khohangonline/framework/base/CApplication.php(180): CWebApplication->processRequest()
#2 /opt/lampp/htdocs/khohangonline/index.php(19): CApplication->run()
#3 {main}
REQUEST_URI=/khohangonline/assets/css/style.css
HTTP_REFERER=http://pmint.com:8080/khohangonline/category
---
2014/08/09 03:44:45 [error] [exception.CHttpException.404] exception 'CHttpException' with message 'Unable to resolve the request "assets/css/style.css".' in /opt/lampp/htdocs/khohangonline/framework/web/CWebApplication.php:286
Stack trace:
#0 /opt/lampp/htdocs/khohangonline/framework/web/CWebApplication.php(141): CWebApplication->runController('assets/css/styl...')
#1 /opt/lampp/htdocs/khohangonline/framework/base/CApplication.php(180): CWebApplication->processRequest()
#2 /opt/lampp/htdocs/khohangonline/index.php(19): CApplication->run()
#3 {main}
REQUEST_URI=/khohangonline/assets/css/style.css
HTTP_REFERER=http://pmint.com:8080/khohangonline/category
---
2014/08/09 03:44:48 [error] [exception.CHttpException.404] exception 'CHttpException' with message 'Unable to resolve the request "assets/excel-builder/underscore-min.map".' in /opt/lampp/htdocs/khohangonline/framework/web/CWebApplication.php:286
Stack trace:
#0 /opt/lampp/htdocs/khohangonline/framework/web/CWebApplication.php(141): CWebApplication->runController('assets/excel-bu...')
#1 /opt/lampp/htdocs/khohangonline/framework/base/CApplication.php(180): CWebApplication->processRequest()
#2 /opt/lampp/htdocs/khohangonline/index.php(19): CApplication->run()
#3 {main}
REQUEST_URI=/khohangonline/assets/excel-builder/underscore-min.map
HTTP_REFERER=http://pmint.com:8080/khohangonline/category
---
2014/08/09 03:45:30 [error] [exception.CHttpException.404] exception 'CHttpException' with message 'Unable to resolve the request "assets/css/style.css".' in /opt/lampp/htdocs/khohangonline/framework/web/CWebApplication.php:286
Stack trace:
#0 /opt/lampp/htdocs/khohangonline/framework/web/CWebApplication.php(141): CWebApplication->runController('assets/css/styl...')
#1 /opt/lampp/htdocs/khohangonline/framework/base/CApplication.php(180): CWebApplication->processRequest()
#2 /opt/lampp/htdocs/khohangonline/index.php(19): CApplication->run()
#3 {main}
REQUEST_URI=/khohangonline/assets/css/style.css
HTTP_REFERER=http://pmint.com:8080/khohangonline/category
---
2014/08/09 03:48:23 [error] [exception.CHttpException.404] exception 'CHttpException' with message 'Unable to resolve the request "assets/css/style.css".' in /opt/lampp/htdocs/khohangonline/framework/web/CWebApplication.php:286
Stack trace:
#0 /opt/lampp/htdocs/khohangonline/framework/web/CWebApplication.php(141): CWebApplication->runController('assets/css/styl...')
#1 /opt/lampp/htdocs/khohangonline/framework/base/CApplication.php(180): CWebApplication->processRequest()
#2 /opt/lampp/htdocs/khohangonline/index.php(19): CApplication->run()
#3 {main}
REQUEST_URI=/khohangonline/assets/css/style.css
HTTP_REFERER=http://pmint.com:8080/khohangonline/category
---
2014/08/09 03:48:25 [error] [exception.CHttpException.404] exception 'CHttpException' with message 'Unable to resolve the request "assets/excel-builder/underscore-min.map".' in /opt/lampp/htdocs/khohangonline/framework/web/CWebApplication.php:286
Stack trace:
#0 /opt/lampp/htdocs/khohangonline/framework/web/CWebApplication.php(141): CWebApplication->runController('assets/excel-bu...')
#1 /opt/lampp/htdocs/khohangonline/framework/base/CApplication.php(180): CWebApplication->processRequest()
#2 /opt/lampp/htdocs/khohangonline/index.php(19): CApplication->run()
#3 {main}
REQUEST_URI=/khohangonline/assets/excel-builder/underscore-min.map
HTTP_REFERER=http://pmint.com:8080/khohangonline/category
---
2014/08/09 03:48:50 [error] [exception.CHttpException.404] exception 'CHttpException' with message 'Unable to resolve the request "assets/css/style.css".' in /opt/lampp/htdocs/khohangonline/framework/web/CWebApplication.php:286
Stack trace:
#0 /opt/lampp/htdocs/khohangonline/framework/web/CWebApplication.php(141): CWebApplication->runController('assets/css/styl...')
#1 /opt/lampp/htdocs/khohangonline/framework/base/CApplication.php(180): CWebApplication->processRequest()
#2 /opt/lampp/htdocs/khohangonline/index.php(19): CApplication->run()
#3 {main}
REQUEST_URI=/khohangonline/assets/css/style.css
HTTP_REFERER=http://pmint.com:8080/khohangonline/category
---
2014/08/09 03:48:52 [error] [exception.CHttpException.404] exception 'CHttpException' with message 'Unable to resolve the request "assets/excel-builder/underscore-min.map".' in /opt/lampp/htdocs/khohangonline/framework/web/CWebApplication.php:286
Stack trace:
#0 /opt/lampp/htdocs/khohangonline/framework/web/CWebApplication.php(141): CWebApplication->runController('assets/excel-bu...')
#1 /opt/lampp/htdocs/khohangonline/framework/base/CApplication.php(180): CWebApplication->processRequest()
#2 /opt/lampp/htdocs/khohangonline/index.php(19): CApplication->run()
#3 {main}
REQUEST_URI=/khohangonline/assets/excel-builder/underscore-min.map
HTTP_REFERER=http://pmint.com:8080/khohangonline/category
---
2014/08/09 03:50:46 [error] [exception.CHttpException.404] exception 'CHttpException' with message 'Unable to resolve the request "assets/css/style.css".' in /opt/lampp/htdocs/khohangonline/framework/web/CWebApplication.php:286
Stack trace:
#0 /opt/lampp/htdocs/khohangonline/framework/web/CWebApplication.php(141): CWebApplication->runController('assets/css/styl...')
#1 /opt/lampp/htdocs/khohangonline/framework/base/CApplication.php(180): CWebApplication->processRequest()
#2 /opt/lampp/htdocs/khohangonline/index.php(19): CApplication->run()
#3 {main}
REQUEST_URI=/khohangonline/assets/css/style.css
HTTP_REFERER=http://pmint.com:8080/khohangonline/category
---
2014/08/09 03:50:50 [error] [exception.CHttpException.404] exception 'CHttpException' with message 'Unable to resolve the request "assets/excel-builder/underscore-min.map".' in /opt/lampp/htdocs/khohangonline/framework/web/CWebApplication.php:286
Stack trace:
#0 /opt/lampp/htdocs/khohangonline/framework/web/CWebApplication.php(141): CWebApplication->runController('assets/excel-bu...')
#1 /opt/lampp/htdocs/khohangonline/framework/base/CApplication.php(180): CWebApplication->processRequest()
#2 /opt/lampp/htdocs/khohangonline/index.php(19): CApplication->run()
#3 {main}
REQUEST_URI=/khohangonline/assets/excel-builder/underscore-min.map
HTTP_REFERER=http://pmint.com:8080/khohangonline/category
---
2014/08/09 03:52:50 [error] [exception.CHttpException.404] exception 'CHttpException' with message 'Unable to resolve the request "assets/css/style.css".' in /opt/lampp/htdocs/khohangonline/framework/web/CWebApplication.php:286
Stack trace:
#0 /opt/lampp/htdocs/khohangonline/framework/web/CWebApplication.php(141): CWebApplication->runController('assets/css/styl...')
#1 /opt/lampp/htdocs/khohangonline/framework/base/CApplication.php(180): CWebApplication->processRequest()
#2 /opt/lampp/htdocs/khohangonline/index.php(19): CApplication->run()
#3 {main}
REQUEST_URI=/khohangonline/assets/css/style.css
HTTP_REFERER=http://pmint.com:8080/khohangonline/category
---
2014/08/09 03:54:09 [error] [exception.CHttpException.404] exception 'CHttpException' with message 'Unable to resolve the request "assets/css/style.css".' in /opt/lampp/htdocs/khohangonline/framework/web/CWebApplication.php:286
Stack trace:
#0 /opt/lampp/htdocs/khohangonline/framework/web/CWebApplication.php(141): CWebApplication->runController('assets/css/styl...')
#1 /opt/lampp/htdocs/khohangonline/framework/base/CApplication.php(180): CWebApplication->processRequest()
#2 /opt/lampp/htdocs/khohangonline/index.php(19): CApplication->run()
#3 {main}
REQUEST_URI=/khohangonline/assets/css/style.css
HTTP_REFERER=http://pmint.com:8080/khohangonline/category
---
2014/08/09 03:54:11 [error] [exception.CHttpException.404] exception 'CHttpException' with message 'Unable to resolve the request "assets/excel-builder/underscore-min.map".' in /opt/lampp/htdocs/khohangonline/framework/web/CWebApplication.php:286
Stack trace:
#0 /opt/lampp/htdocs/khohangonline/framework/web/CWebApplication.php(141): CWebApplication->runController('assets/excel-bu...')
#1 /opt/lampp/htdocs/khohangonline/framework/base/CApplication.php(180): CWebApplication->processRequest()
#2 /opt/lampp/htdocs/khohangonline/index.php(19): CApplication->run()
#3 {main}
REQUEST_URI=/khohangonline/assets/excel-builder/underscore-min.map
HTTP_REFERER=http://pmint.com:8080/khohangonline/category
---
2014/08/09 03:54:46 [error] [exception.CHttpException.404] exception 'CHttpException' with message 'Unable to resolve the request "assets/css/style.css".' in /opt/lampp/htdocs/khohangonline/framework/web/CWebApplication.php:286
Stack trace:
#0 /opt/lampp/htdocs/khohangonline/framework/web/CWebApplication.php(141): CWebApplication->runController('assets/css/styl...')
#1 /opt/lampp/htdocs/khohangonline/framework/base/CApplication.php(180): CWebApplication->processRequest()
#2 /opt/lampp/htdocs/khohangonline/index.php(19): CApplication->run()
#3 {main}
REQUEST_URI=/khohangonline/assets/css/style.css
HTTP_REFERER=http://pmint.com:8080/khohangonline/category
---
2014/08/09 03:55:36 [error] [exception.CHttpException.404] exception 'CHttpException' with message 'Unable to resolve the request "assets/css/style.css".' in /opt/lampp/htdocs/khohangonline/framework/web/CWebApplication.php:286
Stack trace:
#0 /opt/lampp/htdocs/khohangonline/framework/web/CWebApplication.php(141): CWebApplication->runController('assets/css/styl...')
#1 /opt/lampp/htdocs/khohangonline/framework/base/CApplication.php(180): CWebApplication->processRequest()
#2 /opt/lampp/htdocs/khohangonline/index.php(19): CApplication->run()
#3 {main}
REQUEST_URI=/khohangonline/assets/css/style.css
HTTP_REFERER=http://pmint.com:8080/khohangonline/category
---
2014/08/09 03:55:39 [error] [exception.CHttpException.404] exception 'CHttpException' with message 'Unable to resolve the request "assets/css/style.css".' in /opt/lampp/htdocs/khohangonline/framework/web/CWebApplication.php:286
Stack trace:
#0 /opt/lampp/htdocs/khohangonline/framework/web/CWebApplication.php(141): CWebApplication->runController('assets/css/styl...')
#1 /opt/lampp/htdocs/khohangonline/framework/base/CApplication.php(180): CWebApplication->processRequest()
#2 /opt/lampp/htdocs/khohangonline/index.php(19): CApplication->run()
#3 {main}
REQUEST_URI=/khohangonline/assets/css/style.css
HTTP_REFERER=http://pmint.com:8080/khohangonline/category
---
2014/08/09 03:56:57 [error] [exception.CHttpException.404] exception 'CHttpException' with message 'Unable to resolve the request "assets/css/style.css".' in /opt/lampp/htdocs/khohangonline/framework/web/CWebApplication.php:286
Stack trace:
#0 /opt/lampp/htdocs/khohangonline/framework/web/CWebApplication.php(141): CWebApplication->runController('assets/css/styl...')
#1 /opt/lampp/htdocs/khohangonline/framework/base/CApplication.php(180): CWebApplication->processRequest()
#2 /opt/lampp/htdocs/khohangonline/index.php(19): CApplication->run()
#3 {main}
REQUEST_URI=/khohangonline/assets/css/style.css
HTTP_REFERER=http://pmint.com:8080/khohangonline/category
---
2014/08/09 03:56:58 [error] [exception.CHttpException.404] exception 'CHttpException' with message 'Unable to resolve the request "assets/images/favicon.ico".' in /opt/lampp/htdocs/khohangonline/framework/web/CWebApplication.php:286
Stack trace:
#0 /opt/lampp/htdocs/khohangonline/framework/web/CWebApplication.php(141): CWebApplication->runController('assets/images/f...')
#1 /opt/lampp/htdocs/khohangonline/framework/base/CApplication.php(180): CWebApplication->processRequest()
#2 /opt/lampp/htdocs/khohangonline/index.php(19): CApplication->run()
#3 {main}
REQUEST_URI=/khohangonline/assets/images/favicon.ico
---
2014/08/09 03:57:01 [error] [exception.CHttpException.404] exception 'CHttpException' with message 'Unable to resolve the request "assets/excel-builder/underscore-min.map".' in /opt/lampp/htdocs/khohangonline/framework/web/CWebApplication.php:286
Stack trace:
#0 /opt/lampp/htdocs/khohangonline/framework/web/CWebApplication.php(141): CWebApplication->runController('assets/excel-bu...')
#1 /opt/lampp/htdocs/khohangonline/framework/base/CApplication.php(180): CWebApplication->processRequest()
#2 /opt/lampp/htdocs/khohangonline/index.php(19): CApplication->run()
#3 {main}
REQUEST_URI=/khohangonline/assets/excel-builder/underscore-min.map
HTTP_REFERER=http://pmint.com:8080/khohangonline/category
---
2014/08/09 04:18:54 [error] [exception.CHttpException.404] exception 'CHttpException' with message 'Unable to resolve the request "assets/css/style.css".' in /opt/lampp/htdocs/khohangonline/framework/web/CWebApplication.php:286
Stack trace:
#0 /opt/lampp/htdocs/khohangonline/framework/web/CWebApplication.php(141): CWebApplication->runController('assets/css/styl...')
#1 /opt/lampp/htdocs/khohangonline/framework/base/CApplication.php(180): CWebApplication->processRequest()
#2 /opt/lampp/htdocs/khohangonline/index.php(19): CApplication->run()
#3 {main}
REQUEST_URI=/khohangonline/assets/css/style.css
HTTP_REFERER=http://pmint.com:8080/khohangonline/category
---
2014/08/09 04:19:01 [error] [exception.CHttpException.404] exception 'CHttpException' with message 'Unable to resolve the request "assets/excel-builder/underscore-min.map".' in /opt/lampp/htdocs/khohangonline/framework/web/CWebApplication.php:286
Stack trace:
#0 /opt/lampp/htdocs/khohangonline/framework/web/CWebApplication.php(141): CWebApplication->runController('assets/excel-bu...')
#1 /opt/lampp/htdocs/khohangonline/framework/base/CApplication.php(180): CWebApplication->processRequest()
#2 /opt/lampp/htdocs/khohangonline/index.php(19): CApplication->run()
#3 {main}
REQUEST_URI=/khohangonline/assets/excel-builder/underscore-min.map
HTTP_REFERER=http://pmint.com:8080/khohangonline/category
---
2014/08/09 04:19:38 [error] [exception.CHttpException.404] exception 'CHttpException' with message 'Unable to resolve the request "assets/css/style.css".' in /opt/lampp/htdocs/khohangonline/framework/web/CWebApplication.php:286
Stack trace:
#0 /opt/lampp/htdocs/khohangonline/framework/web/CWebApplication.php(141): CWebApplication->runController('assets/css/styl...')
#1 /opt/lampp/htdocs/khohangonline/framework/base/CApplication.php(180): CWebApplication->processRequest()
#2 /opt/lampp/htdocs/khohangonline/index.php(19): CApplication->run()
#3 {main}
REQUEST_URI=/khohangonline/assets/css/style.css
HTTP_REFERER=http://pmint.com:8080/khohangonline/category
---
2014/08/09 04:19:40 [error] [exception.CHttpException.404] exception 'CHttpException' with message 'Unable to resolve the request "assets/excel-builder/underscore-min.map".' in /opt/lampp/htdocs/khohangonline/framework/web/CWebApplication.php:286
Stack trace:
#0 /opt/lampp/htdocs/khohangonline/framework/web/CWebApplication.php(141): CWebApplication->runController('assets/excel-bu...')
#1 /opt/lampp/htdocs/khohangonline/framework/base/CApplication.php(180): CWebApplication->processRequest()
#2 /opt/lampp/htdocs/khohangonline/index.php(19): CApplication->run()
#3 {main}
REQUEST_URI=/khohangonline/assets/excel-builder/underscore-min.map
HTTP_REFERER=http://pmint.com:8080/khohangonline/category
---
2014/08/09 04:20:07 [error] [exception.CHttpException.404] exception 'CHttpException' with message 'Unable to resolve the request "assets/css/style.css".' in /opt/lampp/htdocs/khohangonline/framework/web/CWebApplication.php:286
Stack trace:
#0 /opt/lampp/htdocs/khohangonline/framework/web/CWebApplication.php(141): CWebApplication->runController('assets/css/styl...')
#1 /opt/lampp/htdocs/khohangonline/framework/base/CApplication.php(180): CWebApplication->processRequest()
#2 /opt/lampp/htdocs/khohangonline/index.php(19): CApplication->run()
#3 {main}
REQUEST_URI=/khohangonline/assets/css/style.css
HTTP_REFERER=http://pmint.com:8080/khohangonline/category
---
2014/08/09 04:20:09 [error] [exception.CHttpException.404] exception 'CHttpException' with message 'Unable to resolve the request "assets/excel-builder/underscore-min.map".' in /opt/lampp/htdocs/khohangonline/framework/web/CWebApplication.php:286
Stack trace:
#0 /opt/lampp/htdocs/khohangonline/framework/web/CWebApplication.php(141): CWebApplication->runController('assets/excel-bu...')
#1 /opt/lampp/htdocs/khohangonline/framework/base/CApplication.php(180): CWebApplication->processRequest()
#2 /opt/lampp/htdocs/khohangonline/index.php(19): CApplication->run()
#3 {main}
REQUEST_URI=/khohangonline/assets/excel-builder/underscore-min.map
HTTP_REFERER=http://pmint.com:8080/khohangonline/category
---
2014/08/09 04:20:23 [error] [exception.CHttpException.404] exception 'CHttpException' with message 'Unable to resolve the request "assets/css/style.css".' in /opt/lampp/htdocs/khohangonline/framework/web/CWebApplication.php:286
Stack trace:
#0 /opt/lampp/htdocs/khohangonline/framework/web/CWebApplication.php(141): CWebApplication->runController('assets/css/styl...')
#1 /opt/lampp/htdocs/khohangonline/framework/base/CApplication.php(180): CWebApplication->processRequest()
#2 /opt/lampp/htdocs/khohangonline/index.php(19): CApplication->run()
#3 {main}
REQUEST_URI=/khohangonline/assets/css/style.css
HTTP_REFERER=http://pmint.com:8080/khohangonline/category
---
2014/08/09 04:20:26 [error] [exception.CHttpException.404] exception 'CHttpException' with message 'Unable to resolve the request "assets/images/favicon.ico".' in /opt/lampp/htdocs/khohangonline/framework/web/CWebApplication.php:286
Stack trace:
#0 /opt/lampp/htdocs/khohangonline/framework/web/CWebApplication.php(141): CWebApplication->runController('assets/images/f...')
#1 /opt/lampp/htdocs/khohangonline/framework/base/CApplication.php(180): CWebApplication->processRequest()
#2 /opt/lampp/htdocs/khohangonline/index.php(19): CApplication->run()
#3 {main}
REQUEST_URI=/khohangonline/assets/images/favicon.ico
---
2014/08/09 04:20:27 [error] [exception.CHttpException.404] exception 'CHttpException' with message 'Unable to resolve the request "assets/excel-builder/underscore-min.map".' in /opt/lampp/htdocs/khohangonline/framework/web/CWebApplication.php:286
Stack trace:
#0 /opt/lampp/htdocs/khohangonline/framework/web/CWebApplication.php(141): CWebApplication->runController('assets/excel-bu...')
#1 /opt/lampp/htdocs/khohangonline/framework/base/CApplication.php(180): CWebApplication->processRequest()
#2 /opt/lampp/htdocs/khohangonline/index.php(19): CApplication->run()
#3 {main}
REQUEST_URI=/khohangonline/assets/excel-builder/underscore-min.map
HTTP_REFERER=http://pmint.com:8080/khohangonline/category
---
2014/08/09 04:25:52 [error] [exception.CHttpException.404] exception 'CHttpException' with message 'Unable to resolve the request "assets/css/style.css".' in /opt/lampp/htdocs/khohangonline/framework/web/CWebApplication.php:286
Stack trace:
#0 /opt/lampp/htdocs/khohangonline/framework/web/CWebApplication.php(141): CWebApplication->runController('assets/css/styl...')
#1 /opt/lampp/htdocs/khohangonline/framework/base/CApplication.php(180): CWebApplication->processRequest()
#2 /opt/lampp/htdocs/khohangonline/index.php(19): CApplication->run()
#3 {main}
REQUEST_URI=/khohangonline/assets/css/style.css
HTTP_REFERER=http://pmint.com:8080/khohangonline/category
---
2014/08/09 04:26:34 [error] [exception.CHttpException.404] exception 'CHttpException' with message 'Unable to resolve the request "assets/excel-builder/underscore-min.map".' in /opt/lampp/htdocs/khohangonline/framework/web/CWebApplication.php:286
Stack trace:
#0 /opt/lampp/htdocs/khohangonline/framework/web/CWebApplication.php(141): CWebApplication->runController('assets/excel-bu...')
#1 /opt/lampp/htdocs/khohangonline/framework/base/CApplication.php(180): CWebApplication->processRequest()
#2 /opt/lampp/htdocs/khohangonline/index.php(19): CApplication->run()
#3 {main}
REQUEST_URI=/khohangonline/assets/excel-builder/underscore-min.map
HTTP_REFERER=http://pmint.com:8080/khohangonline/category
---
2014/08/09 04:26:40 [error] [exception.CHttpException.404] exception 'CHttpException' with message 'Unable to resolve the request "assets/css/style.css".' in /opt/lampp/htdocs/khohangonline/framework/web/CWebApplication.php:286
Stack trace:
#0 /opt/lampp/htdocs/khohangonline/framework/web/CWebApplication.php(141): CWebApplication->runController('assets/css/styl...')
#1 /opt/lampp/htdocs/khohangonline/framework/base/CApplication.php(180): CWebApplication->processRequest()
#2 /opt/lampp/htdocs/khohangonline/index.php(19): CApplication->run()
#3 {main}
REQUEST_URI=/khohangonline/assets/css/style.css
HTTP_REFERER=http://pmint.com:8080/khohangonline/category
---
2014/08/09 04:26:55 [error] [exception.CHttpException.404] exception 'CHttpException' with message 'Unable to resolve the request "assets/css/style.css".' in /opt/lampp/htdocs/khohangonline/framework/web/CWebApplication.php:286
Stack trace:
#0 /opt/lampp/htdocs/khohangonline/framework/web/CWebApplication.php(141): CWebApplication->runController('assets/css/styl...')
#1 /opt/lampp/htdocs/khohangonline/framework/base/CApplication.php(180): CWebApplication->processRequest()
#2 /opt/lampp/htdocs/khohangonline/index.php(19): CApplication->run()
#3 {main}
REQUEST_URI=/khohangonline/assets/css/style.css
HTTP_REFERER=http://pmint.com:8080/khohangonline/category
---
2014/08/09 04:27:38 [error] [exception.CHttpException.404] exception 'CHttpException' with message 'Unable to resolve the request "assets/excel-builder/underscore-min.map".' in /opt/lampp/htdocs/khohangonline/framework/web/CWebApplication.php:286
Stack trace:
#0 /opt/lampp/htdocs/khohangonline/framework/web/CWebApplication.php(141): CWebApplication->runController('assets/excel-bu...')
#1 /opt/lampp/htdocs/khohangonline/framework/base/CApplication.php(180): CWebApplication->processRequest()
#2 /opt/lampp/htdocs/khohangonline/index.php(19): CApplication->run()
#3 {main}
REQUEST_URI=/khohangonline/assets/excel-builder/underscore-min.map
HTTP_REFERER=http://pmint.com:8080/khohangonline/category
---
2014/08/09 04:29:12 [error] [exception.CHttpException.404] exception 'CHttpException' with message 'Unable to resolve the request "assets/css/style.css".' in /opt/lampp/htdocs/khohangonline/framework/web/CWebApplication.php:286
Stack trace:
#0 /opt/lampp/htdocs/khohangonline/framework/web/CWebApplication.php(141): CWebApplication->runController('assets/css/styl...')
#1 /opt/lampp/htdocs/khohangonline/framework/base/CApplication.php(180): CWebApplication->processRequest()
#2 /opt/lampp/htdocs/khohangonline/index.php(19): CApplication->run()
#3 {main}
REQUEST_URI=/khohangonline/assets/css/style.css
HTTP_REFERER=http://pmint.com:8080/khohangonline/category
---
2014/08/09 04:29:15 [error] [exception.CHttpException.404] exception 'CHttpException' with message 'Unable to resolve the request "assets/excel-builder/underscore-min.map".' in /opt/lampp/htdocs/khohangonline/framework/web/CWebApplication.php:286
Stack trace:
#0 /opt/lampp/htdocs/khohangonline/framework/web/CWebApplication.php(141): CWebApplication->runController('assets/excel-bu...')
#1 /opt/lampp/htdocs/khohangonline/framework/base/CApplication.php(180): CWebApplication->processRequest()
#2 /opt/lampp/htdocs/khohangonline/index.php(19): CApplication->run()
#3 {main}
REQUEST_URI=/khohangonline/assets/excel-builder/underscore-min.map
HTTP_REFERER=http://pmint.com:8080/khohangonline/category
---
2014/08/09 04:31:17 [error] [exception.CHttpException.404] exception 'CHttpException' with message 'Unable to resolve the request "assets/css/style.css".' in /opt/lampp/htdocs/khohangonline/framework/web/CWebApplication.php:286
Stack trace:
#0 /opt/lampp/htdocs/khohangonline/framework/web/CWebApplication.php(141): CWebApplication->runController('assets/css/styl...')
#1 /opt/lampp/htdocs/khohangonline/framework/base/CApplication.php(180): CWebApplication->processRequest()
#2 /opt/lampp/htdocs/khohangonline/index.php(19): CApplication->run()
#3 {main}
REQUEST_URI=/khohangonline/assets/css/style.css
HTTP_REFERER=http://pmint.com:8080/khohangonline/category
---
2014/08/09 04:31:22 [error] [exception.CHttpException.404] exception 'CHttpException' with message 'Unable to resolve the request "assets/excel-builder/underscore-min.map".' in /opt/lampp/htdocs/khohangonline/framework/web/CWebApplication.php:286
Stack trace:
#0 /opt/lampp/htdocs/khohangonline/framework/web/CWebApplication.php(141): CWebApplication->runController('assets/excel-bu...')
#1 /opt/lampp/htdocs/khohangonline/framework/base/CApplication.php(180): CWebApplication->processRequest()
#2 /opt/lampp/htdocs/khohangonline/index.php(19): CApplication->run()
#3 {main}
REQUEST_URI=/khohangonline/assets/excel-builder/underscore-min.map
HTTP_REFERER=http://pmint.com:8080/khohangonline/category
---
2014/08/09 04:32:17 [error] [exception.CHttpException.404] exception 'CHttpException' with message 'Unable to resolve the request "assets/css/style.css".' in /opt/lampp/htdocs/khohangonline/framework/web/CWebApplication.php:286
Stack trace:
#0 /opt/lampp/htdocs/khohangonline/framework/web/CWebApplication.php(141): CWebApplication->runController('assets/css/styl...')
#1 /opt/lampp/htdocs/khohangonline/framework/base/CApplication.php(180): CWebApplication->processRequest()
#2 /opt/lampp/htdocs/khohangonline/index.php(19): CApplication->run()
#3 {main}
REQUEST_URI=/khohangonline/assets/css/style.css
HTTP_REFERER=http://pmint.com:8080/khohangonline/category
---
2014/08/09 04:32:21 [error] [exception.CHttpException.404] exception 'CHttpException' with message 'Unable to resolve the request "assets/excel-builder/underscore-min.map".' in /opt/lampp/htdocs/khohangonline/framework/web/CWebApplication.php:286
Stack trace:
#0 /opt/lampp/htdocs/khohangonline/framework/web/CWebApplication.php(141): CWebApplication->runController('assets/excel-bu...')
#1 /opt/lampp/htdocs/khohangonline/framework/base/CApplication.php(180): CWebApplication->processRequest()
#2 /opt/lampp/htdocs/khohangonline/index.php(19): CApplication->run()
#3 {main}
REQUEST_URI=/khohangonline/assets/excel-builder/underscore-min.map
HTTP_REFERER=http://pmint.com:8080/khohangonline/category
---
2014/08/09 04:32:55 [error] [exception.CHttpException.404] exception 'CHttpException' with message 'Unable to resolve the request "assets/css/style.css".' in /opt/lampp/htdocs/khohangonline/framework/web/CWebApplication.php:286
Stack trace:
#0 /opt/lampp/htdocs/khohangonline/framework/web/CWebApplication.php(141): CWebApplication->runController('assets/css/styl...')
#1 /opt/lampp/htdocs/khohangonline/framework/base/CApplication.php(180): CWebApplication->processRequest()
#2 /opt/lampp/htdocs/khohangonline/index.php(19): CApplication->run()
#3 {main}
REQUEST_URI=/khohangonline/assets/css/style.css
HTTP_REFERER=http://pmint.com:8080/khohangonline/category
---
2014/08/09 04:32:59 [error] [exception.CHttpException.404] exception 'CHttpException' with message 'Unable to resolve the request "assets/excel-builder/underscore-min.map".' in /opt/lampp/htdocs/khohangonline/framework/web/CWebApplication.php:286
Stack trace:
#0 /opt/lampp/htdocs/khohangonline/framework/web/CWebApplication.php(141): CWebApplication->runController('assets/excel-bu...')
#1 /opt/lampp/htdocs/khohangonline/framework/base/CApplication.php(180): CWebApplication->processRequest()
#2 /opt/lampp/htdocs/khohangonline/index.php(19): CApplication->run()
#3 {main}
REQUEST_URI=/khohangonline/assets/excel-builder/underscore-min.map
HTTP_REFERER=http://pmint.com:8080/khohangonline/category
---
2014/08/09 04:34:07 [error] [exception.CHttpException.404] exception 'CHttpException' with message 'Unable to resolve the request "assets/css/style.css".' in /opt/lampp/htdocs/khohangonline/framework/web/CWebApplication.php:286
Stack trace:
#0 /opt/lampp/htdocs/khohangonline/framework/web/CWebApplication.php(141): CWebApplication->runController('assets/css/styl...')
#1 /opt/lampp/htdocs/khohangonline/framework/base/CApplication.php(180): CWebApplication->processRequest()
#2 /opt/lampp/htdocs/khohangonline/index.php(19): CApplication->run()
#3 {main}
REQUEST_URI=/khohangonline/assets/css/style.css
HTTP_REFERER=http://pmint.com:8080/khohangonline/category
---
2014/08/09 04:34:16 [error] [exception.CHttpException.404] exception 'CHttpException' with message 'Unable to resolve the request "assets/excel-builder/underscore-min.map".' in /opt/lampp/htdocs/khohangonline/framework/web/CWebApplication.php:286
Stack trace:
#0 /opt/lampp/htdocs/khohangonline/framework/web/CWebApplication.php(141): CWebApplication->runController('assets/excel-bu...')
#1 /opt/lampp/htdocs/khohangonline/framework/base/CApplication.php(180): CWebApplication->processRequest()
#2 /opt/lampp/htdocs/khohangonline/index.php(19): CApplication->run()
#3 {main}
REQUEST_URI=/khohangonline/assets/excel-builder/underscore-min.map
HTTP_REFERER=http://pmint.com:8080/khohangonline/category
---
2014/08/09 04:35:26 [error] [exception.CHttpException.404] exception 'CHttpException' with message 'Unable to resolve the request "assets/css/style.css".' in /opt/lampp/htdocs/khohangonline/framework/web/CWebApplication.php:286
Stack trace:
#0 /opt/lampp/htdocs/khohangonline/framework/web/CWebApplication.php(141): CWebApplication->runController('assets/css/styl...')
#1 /opt/lampp/htdocs/khohangonline/framework/base/CApplication.php(180): CWebApplication->processRequest()
#2 /opt/lampp/htdocs/khohangonline/index.php(19): CApplication->run()
#3 {main}
REQUEST_URI=/khohangonline/assets/css/style.css
HTTP_REFERER=http://pmint.com:8080/khohangonline/category
---
2014/08/09 04:35:33 [error] [exception.CHttpException.404] exception 'CHttpException' with message 'Unable to resolve the request "assets/excel-builder/underscore-min.map".' in /opt/lampp/htdocs/khohangonline/framework/web/CWebApplication.php:286
Stack trace:
#0 /opt/lampp/htdocs/khohangonline/framework/web/CWebApplication.php(141): CWebApplication->runController('assets/excel-bu...')
#1 /opt/lampp/htdocs/khohangonline/framework/base/CApplication.php(180): CWebApplication->processRequest()
#2 /opt/lampp/htdocs/khohangonline/index.php(19): CApplication->run()
#3 {main}
REQUEST_URI=/khohangonline/assets/excel-builder/underscore-min.map
HTTP_REFERER=http://pmint.com:8080/khohangonline/category
---
2014/08/09 04:43:06 [error] [exception.CHttpException.404] exception 'CHttpException' with message 'Unable to resolve the request "excel".' in /opt/lampp/htdocs/khohangonline/framework/web/CWebApplication.php:286
Stack trace:
#0 /opt/lampp/htdocs/khohangonline/framework/web/CWebApplication.php(141): CWebApplication->runController('excel')
#1 /opt/lampp/htdocs/khohangonline/framework/base/CApplication.php(180): CWebApplication->processRequest()
#2 /opt/lampp/htdocs/khohangonline/index.php(19): CApplication->run()
#3 {main}
REQUEST_URI=/khohangonline/excel
HTTP_REFERER=http://pmint.com:8080/khohangonline/category
---
2014/08/09 04:43:19 [error] [exception.CHttpException.404] exception 'CHttpException' with message 'Unable to resolve the request "excel".' in /opt/lampp/htdocs/khohangonline/framework/web/CWebApplication.php:286
Stack trace:
#0 /opt/lampp/htdocs/khohangonline/framework/web/CWebApplication.php(141): CWebApplication->runController('excel')
#1 /opt/lampp/htdocs/khohangonline/framework/base/CApplication.php(180): CWebApplication->processRequest()
#2 /opt/lampp/htdocs/khohangonline/index.php(19): CApplication->run()
#3 {main}
REQUEST_URI=/khohangonline/excel
HTTP_REFERER=http://pmint.com:8080/khohangonline/category
---
2014/08/09 04:43:40 [error] [exception.CHttpException.404] exception 'CHttpException' with message 'Unable to resolve the request "assets/css/style.css".' in /opt/lampp/htdocs/khohangonline/framework/web/CWebApplication.php:286
Stack trace:
#0 /opt/lampp/htdocs/khohangonline/framework/web/CWebApplication.php(141): CWebApplication->runController('assets/css/styl...')
#1 /opt/lampp/htdocs/khohangonline/framework/base/CApplication.php(180): CWebApplication->processRequest()
#2 /opt/lampp/htdocs/khohangonline/index.php(19): CApplication->run()
#3 {main}
REQUEST_URI=/khohangonline/assets/css/style.css
HTTP_REFERER=http://pmint.com:8080/khohangonline/category
---
2014/08/09 04:43:44 [error] [exception.CHttpException.404] exception 'CHttpException' with message 'Unable to resolve the request "assets/excel-builder/underscore-min.map".' in /opt/lampp/htdocs/khohangonline/framework/web/CWebApplication.php:286
Stack trace:
#0 /opt/lampp/htdocs/khohangonline/framework/web/CWebApplication.php(141): CWebApplication->runController('assets/excel-bu...')
#1 /opt/lampp/htdocs/khohangonline/framework/base/CApplication.php(180): CWebApplication->processRequest()
#2 /opt/lampp/htdocs/khohangonline/index.php(19): CApplication->run()
#3 {main}
REQUEST_URI=/khohangonline/assets/excel-builder/underscore-min.map
HTTP_REFERER=http://pmint.com:8080/khohangonline/category
---
2014/08/09 04:45:04 [error] [exception.CHttpException.404] exception 'CHttpException' with message 'Unable to resolve the request "assets/css/style.css".' in /opt/lampp/htdocs/khohangonline/framework/web/CWebApplication.php:286
Stack trace:
#0 /opt/lampp/htdocs/khohangonline/framework/web/CWebApplication.php(141): CWebApplication->runController('assets/css/styl...')
#1 /opt/lampp/htdocs/khohangonline/framework/base/CApplication.php(180): CWebApplication->processRequest()
#2 /opt/lampp/htdocs/khohangonline/index.php(19): CApplication->run()
#3 {main}
REQUEST_URI=/khohangonline/assets/css/style.css
HTTP_REFERER=http://pmint.com:8080/khohangonline/category
---
2014/08/09 04:45:14 [error] [exception.CHttpException.404] exception 'CHttpException' with message 'Unable to resolve the request "assets/excel-builder/underscore-min.map".' in /opt/lampp/htdocs/khohangonline/framework/web/CWebApplication.php:286
Stack trace:
#0 /opt/lampp/htdocs/khohangonline/framework/web/CWebApplication.php(141): CWebApplication->runController('assets/excel-bu...')
#1 /opt/lampp/htdocs/khohangonline/framework/base/CApplication.php(180): CWebApplication->processRequest()
#2 /opt/lampp/htdocs/khohangonline/index.php(19): CApplication->run()
#3 {main}
REQUEST_URI=/khohangonline/assets/excel-builder/underscore-min.map
HTTP_REFERER=http://pmint.com:8080/khohangonline/category
---
2014/08/09 04:48:46 [error] [exception.CHttpException.404] exception 'CHttpException' with message 'Unable to resolve the request "assets/css/style.css".' in /opt/lampp/htdocs/khohangonline/framework/web/CWebApplication.php:286
Stack trace:
#0 /opt/lampp/htdocs/khohangonline/framework/web/CWebApplication.php(141): CWebApplication->runController('assets/css/styl...')
#1 /opt/lampp/htdocs/khohangonline/framework/base/CApplication.php(180): CWebApplication->processRequest()
#2 /opt/lampp/htdocs/khohangonline/index.php(19): CApplication->run()
#3 {main}
REQUEST_URI=/khohangonline/assets/css/style.css
HTTP_REFERER=http://pmint.com:8080/khohangonline/category
---
2014/08/09 04:48:57 [error] [exception.CHttpException.404] exception 'CHttpException' with message 'Unable to resolve the request "assets/css/style.css".' in /opt/lampp/htdocs/khohangonline/framework/web/CWebApplication.php:286
Stack trace:
#0 /opt/lampp/htdocs/khohangonline/framework/web/CWebApplication.php(141): CWebApplication->runController('assets/css/styl...')
#1 /opt/lampp/htdocs/khohangonline/framework/base/CApplication.php(180): CWebApplication->processRequest()
#2 /opt/lampp/htdocs/khohangonline/index.php(19): CApplication->run()
#3 {main}
REQUEST_URI=/khohangonline/assets/css/style.css
HTTP_REFERER=http://pmint.com:8080/khohangonline/category
---
2014/08/09 04:48:59 [error] [exception.CHttpException.404] exception 'CHttpException' with message 'Unable to resolve the request "assets/excel-builder/underscore-min.map".' in /opt/lampp/htdocs/khohangonline/framework/web/CWebApplication.php:286
Stack trace:
#0 /opt/lampp/htdocs/khohangonline/framework/web/CWebApplication.php(141): CWebApplication->runController('assets/excel-bu...')
#1 /opt/lampp/htdocs/khohangonline/framework/base/CApplication.php(180): CWebApplication->processRequest()
#2 /opt/lampp/htdocs/khohangonline/index.php(19): CApplication->run()
#3 {main}
REQUEST_URI=/khohangonline/assets/excel-builder/underscore-min.map
HTTP_REFERER=http://pmint.com:8080/khohangonline/category
---
2014/08/09 04:51:27 [error] [exception.CHttpException.404] exception 'CHttpException' with message 'Unable to resolve the request "assets/css/style.css".' in /opt/lampp/htdocs/khohangonline/framework/web/CWebApplication.php:286
Stack trace:
#0 /opt/lampp/htdocs/khohangonline/framework/web/CWebApplication.php(141): CWebApplication->runController('assets/css/styl...')
#1 /opt/lampp/htdocs/khohangonline/framework/base/CApplication.php(180): CWebApplication->processRequest()
#2 /opt/lampp/htdocs/khohangonline/index.php(19): CApplication->run()
#3 {main}
REQUEST_URI=/khohangonline/assets/css/style.css
HTTP_REFERER=http://pmint.com:8080/khohangonline/category
---
2014/08/09 04:51:37 [error] [exception.CHttpException.404] exception 'CHttpException' with message 'Unable to resolve the request "assets/excel-builder/underscore-min.map".' in /opt/lampp/htdocs/khohangonline/framework/web/CWebApplication.php:286
Stack trace:
#0 /opt/lampp/htdocs/khohangonline/framework/web/CWebApplication.php(141): CWebApplication->runController('assets/excel-bu...')
#1 /opt/lampp/htdocs/khohangonline/framework/base/CApplication.php(180): CWebApplication->processRequest()
#2 /opt/lampp/htdocs/khohangonline/index.php(19): CApplication->run()
#3 {main}
REQUEST_URI=/khohangonline/assets/excel-builder/underscore-min.map
HTTP_REFERER=http://pmint.com:8080/khohangonline/category
---
2014/08/09 04:52:55 [error] [exception.CHttpException.404] exception 'CHttpException' with message 'Unable to resolve the request "assets/css/style.css".' in /opt/lampp/htdocs/khohangonline/framework/web/CWebApplication.php:286
Stack trace:
#0 /opt/lampp/htdocs/khohangonline/framework/web/CWebApplication.php(141): CWebApplication->runController('assets/css/styl...')
#1 /opt/lampp/htdocs/khohangonline/framework/base/CApplication.php(180): CWebApplication->processRequest()
#2 /opt/lampp/htdocs/khohangonline/index.php(19): CApplication->run()
#3 {main}
REQUEST_URI=/khohangonline/assets/css/style.css
HTTP_REFERER=http://pmint.com:8080/khohangonline/category
---
2014/08/09 04:52:59 [error] [exception.CHttpException.404] exception 'CHttpException' with message 'Unable to resolve the request "assets/images/favicon.ico".' in /opt/lampp/htdocs/khohangonline/framework/web/CWebApplication.php:286
Stack trace:
#0 /opt/lampp/htdocs/khohangonline/framework/web/CWebApplication.php(141): CWebApplication->runController('assets/images/f...')
#1 /opt/lampp/htdocs/khohangonline/framework/base/CApplication.php(180): CWebApplication->processRequest()
#2 /opt/lampp/htdocs/khohangonline/index.php(19): CApplication->run()
#3 {main}
REQUEST_URI=/khohangonline/assets/images/favicon.ico
---
2014/08/09 04:53:06 [error] [exception.CHttpException.404] exception 'CHttpException' with message 'Unable to resolve the request "assets/excel-builder/underscore-min.map".' in /opt/lampp/htdocs/khohangonline/framework/web/CWebApplication.php:286
Stack trace:
#0 /opt/lampp/htdocs/khohangonline/framework/web/CWebApplication.php(141): CWebApplication->runController('assets/excel-bu...')
#1 /opt/lampp/htdocs/khohangonline/framework/base/CApplication.php(180): CWebApplication->processRequest()
#2 /opt/lampp/htdocs/khohangonline/index.php(19): CApplication->run()
#3 {main}
REQUEST_URI=/khohangonline/assets/excel-builder/underscore-min.map
HTTP_REFERER=http://pmint.com:8080/khohangonline/category
---
2014/08/09 04:54:47 [error] [exception.CHttpException.404] exception 'CHttpException' with message 'Unable to resolve the request "assets/css/style.css".' in /opt/lampp/htdocs/khohangonline/framework/web/CWebApplication.php:286
Stack trace:
#0 /opt/lampp/htdocs/khohangonline/framework/web/CWebApplication.php(141): CWebApplication->runController('assets/css/styl...')
#1 /opt/lampp/htdocs/khohangonline/framework/base/CApplication.php(180): CWebApplication->processRequest()
#2 /opt/lampp/htdocs/khohangonline/index.php(19): CApplication->run()
#3 {main}
REQUEST_URI=/khohangonline/assets/css/style.css
HTTP_REFERER=http://pmint.com:8080/khohangonline/category
---
2014/08/09 04:54:52 [error] [exception.CHttpException.404] exception 'CHttpException' with message 'Unable to resolve the request "assets/excel-builder/underscore-min.map".' in /opt/lampp/htdocs/khohangonline/framework/web/CWebApplication.php:286
Stack trace:
#0 /opt/lampp/htdocs/khohangonline/framework/web/CWebApplication.php(141): CWebApplication->runController('assets/excel-bu...')
#1 /opt/lampp/htdocs/khohangonline/framework/base/CApplication.php(180): CWebApplication->processRequest()
#2 /opt/lampp/htdocs/khohangonline/index.php(19): CApplication->run()
#3 {main}
REQUEST_URI=/khohangonline/assets/excel-builder/underscore-min.map
HTTP_REFERER=http://pmint.com:8080/khohangonline/category
---
2014/08/09 04:55:59 [error] [exception.CHttpException.404] exception 'CHttpException' with message 'Unable to resolve the request "assets/css/style.css".' in /opt/lampp/htdocs/khohangonline/framework/web/CWebApplication.php:286
Stack trace:
#0 /opt/lampp/htdocs/khohangonline/framework/web/CWebApplication.php(141): CWebApplication->runController('assets/css/styl...')
#1 /opt/lampp/htdocs/khohangonline/framework/base/CApplication.php(180): CWebApplication->processRequest()
#2 /opt/lampp/htdocs/khohangonline/index.php(19): CApplication->run()
#3 {main}
REQUEST_URI=/khohangonline/assets/css/style.css
HTTP_REFERER=http://pmint.com:8080/khohangonline/category
---
2014/08/09 04:56:03 [error] [exception.CHttpException.404] exception 'CHttpException' with message 'Unable to resolve the request "assets/css/style.css".' in /opt/lampp/htdocs/khohangonline/framework/web/CWebApplication.php:286
Stack trace:
#0 /opt/lampp/htdocs/khohangonline/framework/web/CWebApplication.php(141): CWebApplication->runController('assets/css/styl...')
#1 /opt/lampp/htdocs/khohangonline/framework/base/CApplication.php(180): CWebApplication->processRequest()
#2 /opt/lampp/htdocs/khohangonline/index.php(19): CApplication->run()
#3 {main}
REQUEST_URI=/khohangonline/assets/css/style.css
HTTP_REFERER=http://pmint.com:8080/khohangonline/provider
---
2014/08/09 04:57:12 [error] [exception.CHttpException.404] exception 'CHttpException' with message 'Unable to resolve the request "assets/css/style.css".' in /opt/lampp/htdocs/khohangonline/framework/web/CWebApplication.php:286
Stack trace:
#0 /opt/lampp/htdocs/khohangonline/framework/web/CWebApplication.php(141): CWebApplication->runController('assets/css/styl...')
#1 /opt/lampp/htdocs/khohangonline/framework/base/CApplication.php(180): CWebApplication->processRequest()
#2 /opt/lampp/htdocs/khohangonline/index.php(19): CApplication->run()
#3 {main}
REQUEST_URI=/khohangonline/assets/css/style.css
HTTP_REFERER=http://pmint.com:8080/khohangonline/provider/edit/1
---
2014/08/09 04:57:22 [error] [exception.CHttpException.404] exception 'CHttpException' with message 'Unable to resolve the request "assets/css/style.css".' in /opt/lampp/htdocs/khohangonline/framework/web/CWebApplication.php:286
Stack trace:
#0 /opt/lampp/htdocs/khohangonline/framework/web/CWebApplication.php(141): CWebApplication->runController('assets/css/styl...')
#1 /opt/lampp/htdocs/khohangonline/framework/base/CApplication.php(180): CWebApplication->processRequest()
#2 /opt/lampp/htdocs/khohangonline/index.php(19): CApplication->run()
#3 {main}
REQUEST_URI=/khohangonline/assets/css/style.css
HTTP_REFERER=http://pmint.com:8080/khohangonline/customer
---
2014/08/09 04:57:25 [error] [exception.CHttpException.404] exception 'CHttpException' with message 'Unable to resolve the request "assets/css/style.css".' in /opt/lampp/htdocs/khohangonline/framework/web/CWebApplication.php:286
Stack trace:
#0 /opt/lampp/htdocs/khohangonline/framework/web/CWebApplication.php(141): CWebApplication->runController('assets/css/styl...')
#1 /opt/lampp/htdocs/khohangonline/framework/base/CApplication.php(180): CWebApplication->processRequest()
#2 /opt/lampp/htdocs/khohangonline/index.php(19): CApplication->run()
#3 {main}
REQUEST_URI=/khohangonline/assets/css/style.css
HTTP_REFERER=http://pmint.com:8080/khohangonline/customer/add
---
2014/08/09 04:57:30 [error] [exception.CHttpException.404] exception 'CHttpException' with message 'Unable to resolve the request "assets/css/style.css".' in /opt/lampp/htdocs/khohangonline/framework/web/CWebApplication.php:286
Stack trace:
#0 /opt/lampp/htdocs/khohangonline/framework/web/CWebApplication.php(141): CWebApplication->runController('assets/css/styl...')
#1 /opt/lampp/htdocs/khohangonline/framework/base/CApplication.php(180): CWebApplication->processRequest()
#2 /opt/lampp/htdocs/khohangonline/index.php(19): CApplication->run()
#3 {main}
REQUEST_URI=/khohangonline/assets/css/style.css
HTTP_REFERER=http://pmint.com:8080/khohangonline/customer
---
2014/08/09 04:57:32 [error] [exception.CHttpException.404] exception 'CHttpException' with message 'Unable to resolve the request "assets/css/style.css".' in /opt/lampp/htdocs/khohangonline/framework/web/CWebApplication.php:286
Stack trace:
#0 /opt/lampp/htdocs/khohangonline/framework/web/CWebApplication.php(141): CWebApplication->runController('assets/css/styl...')
#1 /opt/lampp/htdocs/khohangonline/framework/base/CApplication.php(180): CWebApplication->processRequest()
#2 /opt/lampp/htdocs/khohangonline/index.php(19): CApplication->run()
#3 {main}
REQUEST_URI=/khohangonline/assets/css/style.css
HTTP_REFERER=http://pmint.com:8080/khohangonline/customer/delete/2
---
2014/08/09 04:57:35 [error] [exception.CHttpException.404] exception 'CHttpException' with message 'Unable to resolve the request "assets/css/style.css".' in /opt/lampp/htdocs/khohangonline/framework/web/CWebApplication.php:286
Stack trace:
#0 /opt/lampp/htdocs/khohangonline/framework/web/CWebApplication.php(141): CWebApplication->runController('assets/css/styl...')
#1 /opt/lampp/htdocs/khohangonline/framework/base/CApplication.php(180): CWebApplication->processRequest()
#2 /opt/lampp/htdocs/khohangonline/index.php(19): CApplication->run()
#3 {main}
REQUEST_URI=/khohangonline/assets/css/style.css
HTTP_REFERER=http://pmint.com:8080/khohangonline/customer
---
2014/08/09 04:58:21 [error] [exception.CHttpException.404] exception 'CHttpException' with message 'Unable to resolve the request "assets/css/style.css".' in /opt/lampp/htdocs/khohangonline/framework/web/CWebApplication.php:286
Stack trace:
#0 /opt/lampp/htdocs/khohangonline/framework/web/CWebApplication.php(141): CWebApplication->runController('assets/css/styl...')
#1 /opt/lampp/htdocs/khohangonline/framework/base/CApplication.php(180): CWebApplication->processRequest()
#2 /opt/lampp/htdocs/khohangonline/index.php(19): CApplication->run()
#3 {main}
REQUEST_URI=/khohangonline/assets/css/style.css
HTTP_REFERER=http://pmint.com:8080/khohangonline/customer
---
2014/08/09 04:58:24 [error] [exception.CHttpException.404] exception 'CHttpException' with message 'Unable to resolve the request "assets/css/style.css".' in /opt/lampp/htdocs/khohangonline/framework/web/CWebApplication.php:286
Stack trace:
#0 /opt/lampp/htdocs/khohangonline/framework/web/CWebApplication.php(141): CWebApplication->runController('assets/css/styl...')
#1 /opt/lampp/htdocs/khohangonline/framework/base/CApplication.php(180): CWebApplication->processRequest()
#2 /opt/lampp/htdocs/khohangonline/index.php(19): CApplication->run()
#3 {main}
REQUEST_URI=/khohangonline/assets/css/style.css
HTTP_REFERER=http://pmint.com:8080/khohangonline/customer
---
2014/08/09 04:58:32 [error] [exception.CHttpException.404] exception 'CHttpException' with message 'Unable to resolve the request "assets/css/style.css".' in /opt/lampp/htdocs/khohangonline/framework/web/CWebApplication.php:286
Stack trace:
#0 /opt/lampp/htdocs/khohangonline/framework/web/CWebApplication.php(141): CWebApplication->runController('assets/css/styl...')
#1 /opt/lampp/htdocs/khohangonline/framework/base/CApplication.php(180): CWebApplication->processRequest()
#2 /opt/lampp/htdocs/khohangonline/index.php(19): CApplication->run()
#3 {main}
REQUEST_URI=/khohangonline/assets/css/style.css
HTTP_REFERER=http://pmint.com:8080/khohangonline/product
---
2014/08/09 04:58:42 [error] [exception.CHttpException.404] exception 'CHttpException' with message 'Unable to resolve the request "assets/css/style.css".' in /opt/lampp/htdocs/khohangonline/framework/web/CWebApplication.php:286
Stack trace:
#0 /opt/lampp/htdocs/khohangonline/framework/web/CWebApplication.php(141): CWebApplication->runController('assets/css/styl...')
#1 /opt/lampp/htdocs/khohangonline/framework/base/CApplication.php(180): CWebApplication->processRequest()
#2 /opt/lampp/htdocs/khohangonline/index.php(19): CApplication->run()
#3 {main}
REQUEST_URI=/khohangonline/assets/css/style.css
HTTP_REFERER=http://pmint.com:8080/khohangonline/provider
---
2014/08/09 04:58:45 [error] [exception.CHttpException.404] exception 'CHttpException' with message 'Unable to resolve the request "assets/css/style.css".' in /opt/lampp/htdocs/khohangonline/framework/web/CWebApplication.php:286
Stack trace:
#0 /opt/lampp/htdocs/khohangonline/framework/web/CWebApplication.php(141): CWebApplication->runController('assets/css/styl...')
#1 /opt/lampp/htdocs/khohangonline/framework/base/CApplication.php(180): CWebApplication->processRequest()
#2 /opt/lampp/htdocs/khohangonline/index.php(19): CApplication->run()
#3 {main}
REQUEST_URI=/khohangonline/assets/css/style.css
HTTP_REFERER=http://pmint.com:8080/khohangonline/category
---
2014/08/09 04:59:07 [error] [exception.CHttpException.404] exception 'CHttpException' with message 'Unable to resolve the request "assets/css/style.css".' in /opt/lampp/htdocs/khohangonline/framework/web/CWebApplication.php:286
Stack trace:
#0 /opt/lampp/htdocs/khohangonline/framework/web/CWebApplication.php(141): CWebApplication->runController('assets/css/styl...')
#1 /opt/lampp/htdocs/khohangonline/framework/base/CApplication.php(180): CWebApplication->processRequest()
#2 /opt/lampp/htdocs/khohangonline/index.php(19): CApplication->run()
#3 {main}
REQUEST_URI=/khohangonline/assets/css/style.css
HTTP_REFERER=http://pmint.com:8080/khohangonline/product
---
2014/08/09 04:59:14 [error] [exception.CHttpException.404] exception 'CHttpException' with message 'Unable to resolve the request "assets/css/style.css".' in /opt/lampp/htdocs/khohangonline/framework/web/CWebApplication.php:286
Stack trace:
#0 /opt/lampp/htdocs/khohangonline/framework/web/CWebApplication.php(141): CWebApplication->runController('assets/css/styl...')
#1 /opt/lampp/htdocs/khohangonline/framework/base/CApplication.php(180): CWebApplication->processRequest()
#2 /opt/lampp/htdocs/khohangonline/index.php(19): CApplication->run()
#3 {main}
REQUEST_URI=/khohangonline/assets/css/style.css
HTTP_REFERER=http://pmint.com:8080/khohangonline/product/edit/1
---
